

Warm-up Run #1
===================
Total Time Taken:	68044.0ms

Warm-up Run #2
===================
Total Time Taken:	70885.0ms

Parallel Run #1
===================
Total Time Taken:	64967.0ms
Max Value:		1999069.6
Received Time:		500.0

Parallel Run #2
===================
Total Time Taken:	72772.0ms
Max Value:		1999069.6
Received Time:		500.0

Parallel Run #3
===================
Total Time Taken:	65197.0ms
Max Value:		1999069.6
Received Time:		500.0

Parallel Run #4
===================
Total Time Taken:	72560.0ms
Max Value:		1999069.6
Received Time:		500.0

Parallel Run #5
===================
Total Time Taken:	64931.0ms
Max Value:		1999069.6
Received Time:		500.0

Parallel Run #6
===================
Total Time Taken:	65971.0ms
Max Value:		1999069.6
Received Time:		500.0

Parallel Run #7
===================
Total Time Taken:	65981.0ms
Max Value:		1999069.6
Received Time:		500.0

Parallel Run #8
===================
Total Time Taken:	64526.0ms
Max Value:		1999069.6
Received Time:		500.0

Parallel Run #9
===================
Total Time Taken:	64551.0ms
Max Value:		1999069.6
Received Time:		500.0

Parallel Run #10
===================
Total Time Taken:	69984.0ms
Max Value:		1999069.6
Received Time:		500.0

Time taken to do 10 runs: 671440.0ms
Average Time taken to do a run: 67144.0ms
