

Warm-up Run #1
===================
Total Time Taken:	46.0ms

Warm-up Run #2
===================
Total Time Taken:	39.0ms

Sequential Run #1
===================
Total Time Taken:	39.0ms
Max Value:		19518.025
Received Time:		500.0

Sequential Run #2
===================
Total Time Taken:	39.0ms
Max Value:		19518.025
Received Time:		500.0

Sequential Run #3
===================
Total Time Taken:	39.0ms
Max Value:		19518.025
Received Time:		500.0

Sequential Run #4
===================
Total Time Taken:	39.0ms
Max Value:		19518.025
Received Time:		500.0

Sequential Run #5
===================
Total Time Taken:	39.0ms
Max Value:		19518.025
Received Time:		500.0

Sequential Run #6
===================
Total Time Taken:	39.0ms
Max Value:		19518.025
Received Time:		500.0

Sequential Run #7
===================
Total Time Taken:	39.0ms
Max Value:		19518.025
Received Time:		500.0

Sequential Run #8
===================
Total Time Taken:	39.0ms
Max Value:		19518.025
Received Time:		500.0

Sequential Run #9
===================
Total Time Taken:	39.0ms
Max Value:		19518.025
Received Time:		500.0

Sequential Run #10
===================
Total Time Taken:	39.0ms
Max Value:		19518.025
Received Time:		500.0

Time taken to do 10 runs: 390.0ms
Average Time taken to do a run: 39.0ms
