

Warm-up Run #1
===================
Total Time Taken:	261300.0ms

Warm-up Run #2
===================
Total Time Taken:	241892.0ms

Parallel Run #1
===================
Total Time Taken:	225008.0ms
Max Value:		1999069.6
Received Time:		500.0

Parallel Run #2
===================
Total Time Taken:	234946.0ms
Max Value:		1999069.6
Received Time:		500.0

Parallel Run #3
===================
Total Time Taken:	220450.0ms
Max Value:		1999069.6
Received Time:		500.0

Parallel Run #4
===================
Total Time Taken:	232658.0ms
Max Value:		1999069.6
Received Time:		500.0

Parallel Run #5
===================
Total Time Taken:	221823.0ms
Max Value:		1999069.6
Received Time:		500.0

Parallel Run #6
===================
Total Time Taken:	204585.0ms
Max Value:		1999069.6
Received Time:		500.0

Parallel Run #7
===================
Total Time Taken:	257101.0ms
Max Value:		1999069.6
Received Time:		500.0

Parallel Run #8
===================
Total Time Taken:	221954.0ms
Max Value:		1999069.6
Received Time:		500.0

Parallel Run #9
===================
Total Time Taken:	212244.0ms
Max Value:		1999069.6
Received Time:		500.0

Parallel Run #10
===================
Total Time Taken:	222092.0ms
Max Value:		1999069.6
Received Time:		500.0

Time taken to do 10 runs: 2252861.0ms
Average Time taken to do a run: 225286.1ms
