

Warm-up Run #1
===================
Total Time Taken:	33.0ms

Warm-up Run #2
===================
Total Time Taken:	25.0ms

Parallel Run #1
===================
Total Time Taken:	22.0ms
Max Value:		19518.025
Received Time:		500.0

Parallel Run #2
===================
Total Time Taken:	24.0ms
Max Value:		19518.025
Received Time:		500.0

Parallel Run #3
===================
Total Time Taken:	23.0ms
Max Value:		19518.025
Received Time:		500.0

Parallel Run #4
===================
Total Time Taken:	21.0ms
Max Value:		19518.025
Received Time:		500.0

Parallel Run #5
===================
Total Time Taken:	23.0ms
Max Value:		19518.025
Received Time:		500.0

Parallel Run #6
===================
Total Time Taken:	22.0ms
Max Value:		19518.025
Received Time:		500.0

Parallel Run #7
===================
Total Time Taken:	23.0ms
Max Value:		19518.025
Received Time:		500.0

Parallel Run #8
===================
Total Time Taken:	30.0ms
Max Value:		19518.025
Received Time:		500.0

Parallel Run #9
===================
Total Time Taken:	20.0ms
Max Value:		19518.025
Received Time:		500.0

Parallel Run #10
===================
Total Time Taken:	21.0ms
Max Value:		19518.025
Received Time:		500.0

Time taken to do 10 runs: 229.0ms
Average Time taken to do a run: 22.9ms
