

Warm-up Run #1
===================
Total Time Taken:	786.0ms

Warm-up Run #2
===================
Total Time Taken:	773.0ms

Parallel Run #1
===================
Total Time Taken:	886.0ms
Max Value:		199172.7
Received Time:		500.0

Parallel Run #2
===================
Total Time Taken:	686.0ms
Max Value:		199172.7
Received Time:		500.0

Parallel Run #3
===================
Total Time Taken:	755.0ms
Max Value:		199172.7
Received Time:		500.0

Parallel Run #4
===================
Total Time Taken:	857.0ms
Max Value:		199172.7
Received Time:		500.0

Parallel Run #5
===================
Total Time Taken:	690.0ms
Max Value:		199172.7
Received Time:		500.0

Parallel Run #6
===================
Total Time Taken:	734.0ms
Max Value:		199172.7
Received Time:		500.0

Parallel Run #7
===================
Total Time Taken:	677.0ms
Max Value:		199172.7
Received Time:		500.0

Parallel Run #8
===================
Total Time Taken:	676.0ms
Max Value:		199172.7
Received Time:		500.0

Parallel Run #9
===================
Total Time Taken:	803.0ms
Max Value:		199172.7
Received Time:		500.0

Parallel Run #10
===================
Total Time Taken:	698.0ms
Max Value:		199172.7
Received Time:		500.0

Time taken to do 10 runs: 7462.0ms
Average Time taken to do a run: 746.2ms
